# JRE version: OpenJDK Runtime Environment (8.0_242-b01) (build 1.8.0_242-release-1644-b01)
# Java VM: OpenJDK 64-Bit Server VM (25.242-b01 mixed mode windows-amd64 compressed oops)
Heap:
 PSYoungGen      total 403968K, used 29152K [0x00000000d5580000, 0x00000000f4f80000, 0x0000000100000000)
  eden space 374784K, 0% used [0x00000000d5580000,0x00000000d5580000,0x00000000ec380000)
  from space 29184K, 99% used [0x00000000efb00000,0x00000000f1778010,0x00000000f1780000)
  to   space 56832K, 0% used [0x00000000ec380000,0x00000000ec380000,0x00000000efb00000)
 ParOldGen       total 112640K, used 106083K [0x0000000080000000, 0x0000000086e00000, 0x00000000d5580000)
  object space 112640K, 94% used [0x0000000080000000,0x0000000086798e10,0x0000000086e00000)
 Metaspace       used 79848K, capacity 84124K, committed 84312K, reserved 1122304K
  class space    used 11092K, capacity 11894K, committed 11904K, reserved 1048576K
GC Heap History (10 events):
Event: 18.631 GC heap after
Heap after GC invocations=11 (full 2):
 PSYoungGen      total 250880K, used 14322K [0x00000000d5580000, 0x00000000eb480000, 0x0000000100000000)
  eden space 236544K, 0% used [0x00000000d5580000,0x00000000d5580000,0x00000000e3c80000)
  from space 14336K, 99% used [0x00000000e3c80000,0x00000000e4a7cae0,0x00000000e4a80000)
  to   space 18432K, 0% used [0x00000000ea280000,0x00000000ea280000,0x00000000eb480000)
 ParOldGen       total 73728K, used 19280K [0x0000000080000000, 0x0000000084800000, 0x00000000d5580000)
  object space 73728K, 26% used [0x0000000080000000,0x00000000812d42d0,0x0000000084800000)
 Metaspace       used 47175K, capacity 48994K, committed 49240K, reserved 1091584K
  class space    used 6374K, capacity 6748K, committed 6784K, reserved 1048576K
}
Event: 23.847 GC heap before
{Heap before GC invocations=12 (full 2):
 PSYoungGen      total 250880K, used 126653K [0x00000000d5580000, 0x00000000eb480000, 0x0000000100000000)
  eden space 236544K, 47% used [0x00000000d5580000,0x00000000dc332c50,0x00000000e3c80000)
  from space 14336K, 99% used [0x00000000e3c80000,0x00000000e4a7cae0,0x00000000e4a80000)
  to   space 18432K, 0% used [0x00000000ea280000,0x00000000ea280000,0x00000000eb480000)
 ParOldGen       total 73728K, used 19280K [0x0000000080000000, 0x0000000084800000, 0x00000000d5580000)
  object space 73728K, 26% used [0x0000000080000000,0x00000000812d42d0,0x0000000084800000)
 Metaspace       used 56554K, capacity 58834K, committed 58968K, reserved 1099776K
  class space    used 7742K, capacity 8231K, committed 8320K, reserved 1048576K
Event: 23.942 GC heap after
Heap after GC invocations=12 (full 2):
 PSYoungGen      total 336384K, used 18400K [0x00000000d5580000, 0x00000000eb980000, 0x0000000100000000)
  eden space 317952K, 0% used [0x00000000d5580000,0x00000000d5580000,0x00000000e8c00000)
  from space 18432K, 99% used [0x00000000ea280000,0x00000000eb4780c8,0x00000000eb480000)
  to   space 23040K, 0% used [0x00000000e8c00000,0x00000000e8c00000,0x00000000ea280000)
 ParOldGen       total 73728K, used 24172K [0x0000000080000000, 0x0000000084800000, 0x00000000d5580000)
  object space 73728K, 32% used [0x0000000080000000,0x000000008179b348,0x0000000084800000)
 Metaspace       used 56554K, capacity 58834K, committed 58968K, reserved 1099776K
  class space    used 7742K, capacity 8231K, committed 8320K, reserved 1048576K
}
Event: 23.942 GC heap before
{Heap before GC invocations=13 (full 3):
 PSYoungGen      total 336384K, used 18400K [0x00000000d5580000, 0x00000000eb980000, 0x0000000100000000)
  eden space 317952K, 0% used [0x00000000d5580000,0x00000000d5580000,0x00000000e8c00000)
  from space 18432K, 99% used [0x00000000ea280000,0x00000000eb4780c8,0x00000000eb480000)
  to   space 23040K, 0% used [0x00000000e8c00000,0x00000000e8c00000,0x00000000ea280000)
 ParOldGen       total 73728K, used 24172K [0x0000000080000000, 0x0000000084800000, 0x00000000d5580000)
  object space 73728K, 32% used [0x0000000080000000,0x000000008179b348,0x0000000084800000)
 Metaspace       used 56554K, capacity 58834K, committed 58968K, reserved 1099776K
  class space    used 7742K, capacity 8231K, committed 8320K, reserved 1048576K
Event: 24.552 GC heap after
Heap after GC invocations=13 (full 3):
 PSYoungGen      total 336384K, used 0K [0x00000000d5580000, 0x00000000eb980000, 0x0000000100000000)
  eden space 317952K, 0% used [0x00000000d5580000,0x00000000d5580000,0x00000000e8c00000)
  from space 18432K, 0% used [0x00000000ea280000,0x00000000ea280000,0x00000000eb480000)
  to   space 23040K, 0% used [0x00000000e8c00000,0x00000000e8c00000,0x00000000ea280000)
 ParOldGen       total 112640K, used 35202K [0x0000000080000000, 0x0000000086e00000, 0x00000000d5580000)
  object space 112640K, 31% used [0x0000000080000000,0x0000000082260af0,0x0000000086e00000)
 Metaspace       used 56554K, capacity 58834K, committed 58968K, reserved 1099776K
  class space    used 7742K, capacity 8231K, committed 8320K, reserved 1048576K
}
Event: 47.224 GC heap before
{Heap before GC invocations=14 (full 3):
 PSYoungGen      total 336384K, used 317952K [0x00000000d5580000, 0x00000000eb980000, 0x0000000100000000)
  eden space 317952K, 100% used [0x00000000d5580000,0x00000000e8c00000,0x00000000e8c00000)
  from space 18432K, 0% used [0x00000000ea280000,0x00000000ea280000,0x00000000eb480000)
  to   space 23040K, 0% used [0x00000000e8c00000,0x00000000e8c00000,0x00000000ea280000)
 ParOldGen       total 112640K, used 35202K [0x0000000080000000, 0x0000000086e00000, 0x00000000d5580000)
  object space 112640K, 31% used [0x0000000080000000,0x0000000082260af0,0x0000000086e00000)
 Metaspace       used 70269K, capacity 73524K, committed 73816K, reserved 1112064K
  class space    used 9603K, capacity 10246K, committed 10368K, reserved 1048576K
Event: 47.365 GC heap after
Heap after GC invocations=14 (full 3):
 PSYoungGen      total 340992K, used 23020K [0x00000000d5580000, 0x00000000f1780000, 0x0000000100000000)
  eden space 317952K, 0% used [0x00000000d5580000,0x00000000d5580000,0x00000000e8c00000)
  from space 23040K, 99% used [0x00000000e8c00000,0x00000000ea27b368,0x00000000ea280000)
  to   space 29184K, 0% used [0x00000000efb00000,0x00000000efb00000,0x00000000f1780000)
 ParOldGen       total 112640K, used 43453K [0x0000000080000000, 0x0000000086e00000, 0x00000000d5580000)
  object space 112640K, 38% used [0x0000000080000000,0x0000000082a6f518,0x0000000086e00000)
 Metaspace       used 70269K, capacity 73524K, committed 73816K, reserved 1112064K
  class space    used 9603K, capacity 10246K, committed 10368K, reserved 1048576K
}
Event: 59.465 GC heap before
{Heap before GC invocations=15 (full 3):
 PSYoungGen      total 340992K, used 340972K [0x00000000d5580000, 0x00000000f1780000, 0x0000000100000000)
  eden space 317952K, 100% used [0x00000000d5580000,0x00000000e8c00000,0x00000000e8c00000)
  from space 23040K, 99% used [0x00000000e8c00000,0x00000000ea27b368,0x00000000ea280000)
  to   space 29184K, 0% used [0x00000000efb00000,0x00000000efb00000,0x00000000f1780000)
 ParOldGen       total 112640K, used 43453K [0x0000000080000000, 0x0000000086e00000, 0x00000000d5580000)
  object space 112640K, 38% used [0x0000000080000000,0x0000000082a6f518,0x0000000086e00000)
 Metaspace       used 79848K, capacity 84124K, committed 84312K, reserved 1122304K
  class space    used 11092K, capacity 11894K, committed 11904K, reserved 1048576K
Event: 59.821 GC heap after
Heap after GC invocations=15 (full 3):
 PSYoungGen      total 403968K, used 29152K [0x00000000d5580000, 0x00000000f4f80000, 0x0000000100000000)
  eden space 374784K, 0% used [0x00000000d5580000,0x00000000d5580000,0x00000000ec380000)
  from space 29184K, 99% used [0x00000000efb00000,0x00000000f1778010,0x00000000f1780000)
  to   space 56832K, 0% used [0x00000000ec380000,0x00000000ec380000,0x00000000efb00000)
 ParOldGen       total 112640K, used 106083K [0x0000000080000000, 0x0000000086e00000, 0x00000000d5580000)
  object space 112640K, 94% used [0x0000000080000000,0x0000000086798e10,0x0000000086e00000)
 Metaspace       used 79848K, capacity 84124K, committed 84312K, reserved 1122304K
  class space    used 11092K, capacity 11894K, committed 11904K, reserved 1048576K
}
Event: 59.821 GC heap before
{Heap before GC invocations=16 (full 4):
 PSYoungGen      total 403968K, used 29152K [0x00000000d5580000, 0x00000000f4f80000, 0x0000000100000000)
  eden space 374784K, 0% used [0x00000000d5580000,0x00000000d5580000,0x00000000ec380000)
  from space 29184K, 99% used [0x00000000efb00000,0x00000000f1778010,0x00000000f1780000)
  to   space 56832K, 0% used [0x00000000ec380000,0x00000000ec380000,0x00000000efb00000)
 ParOldGen       total 112640K, used 106083K [0x0000000080000000, 0x0000000086e00000, 0x00000000d5580000)
  object space 112640K, 94% used [0x0000000080000000,0x0000000086798e10,0x0000000086e00000)
 Metaspace       used 79848K, capacity 84124K, committed 84312K, reserved 1122304K
  class space    used 11092K, capacity 11894K, committed 11904K, reserved 1048576K

